<?xml version="1.0" encoding="UTF-8"?>
<!-- Generated by org.testng.reporters.JUnitXMLReporter -->
<testsuite hostname="Quartz-7" name="package" tests="10" failures="0" timestamp="4 Jun 2016 09:37:12 GMT" time="28.299" errors="0">
  <testcase name="get" time="3.255" classname="com.testng.FirstTestNG"/>
  <testcase name="Gmail" time="0.198" classname="com.testng.GoogleLinks"/>
  <testcase name="Link" time="0.147" classname="com.testng.GoogleLinks"/>
  <testcase name="f" time="0.0" classname="com.testng.Priority"/>
  <testcase name="Test1" time="0.0" classname="com.testng.Priority"/>
  <testcase name="Test3" time="0.001" classname="com.testng.Priority"/>
  <testcase name="Test2" time="0.0" classname="com.testng.Priority"/>
  <testcase name="Row" time="0.142" classname="com.testng.RowColumn"/>
  <testcase name="column" time="0.402" classname="com.testng.RowColumn"/>
  <testcase name="f" time="0.0" classname="com.testng.RowColumn"/>
</testsuite> <!-- package -->
