<?xml version="1.0" encoding="UTF-8"?>
<!-- Generated by org.testng.reporters.JUnitXMLReporter -->
<testsuite hostname="Quartz-7" name="test2" tests="5" failures="0" timestamp="4 Jun 2016 09:07:46 GMT" time="9.033" errors="0">
  <testcase name="get" time="3.086" classname="com.testng.FirstTestNG"/>
  <testcase name="f" time="0.0" classname="com.testng.Priority"/>
  <testcase name="Test1" time="0.0" classname="com.testng.Priority"/>
  <testcase name="Test3" time="0.001" classname="com.testng.Priority"/>
  <testcase name="Test2" time="0.001" classname="com.testng.Priority"/>
</testsuite> <!-- test2 -->
