<?xml version="1.0" encoding="UTF-8"?>
<!-- Generated by org.testng.reporters.JUnitXMLReporter -->
<testsuite hostname="Quartz-7" name="Default test" tests="3" failures="0" timestamp="11 Jun 2016 08:56:38 GMT" time="18.13" errors="0">
  <testcase name="LiveLogin" time="7.529" classname="com.testng.KeyWordDataDriven"/>
  <testcase name="LiveLogin" time="2.3" classname="com.testng.KeyWordDataDriven"/>
  <testcase name="LiveLogin" time="2.328" classname="com.testng.KeyWordDataDriven"/>
</testsuite> <!-- Default test -->
